[2025-12-13 21:37:17,640] 222 root - INFO - [READ YAML] Reading YAML file: config/database.yaml
[2025-12-13 21:37:17,641] 227 root - INFO - [READ YAML] YAML file read successfully.
[2025-12-13 21:37:17,641] 47 root - INFO - [INIT] Ensured data ingestion directory: artifacts/data_ingestion
[2025-12-13 21:37:17,641] 117 root - INFO - ==== DATA INGESTION STARTED ====
[2025-12-13 21:37:17,642] 68 root - INFO - [DB] Fetching data from table: questions
[2025-12-13 21:37:19,973] 75 root - INFO - [DB] Data fetched → rows: 404351, columns: 6
[2025-12-13 21:37:19,989] 64 root - INFO - [SAVE CSV] Saving DataFrame to: artifacts/data_ingestion/raw.csv
[2025-12-13 21:37:20,887] 69 root - INFO - [SAVE CSV] DataFrame successfully saved. Shape: (404351, 6)
[2025-12-13 21:37:20,887] 87 root - INFO - [SAVE] Raw data stored at artifacts/data_ingestion/raw.csv
[2025-12-13 21:37:20,887] 93 root - INFO - [SPLIT] Performing train-test split (80-20)...
[2025-12-13 21:37:20,927] 97 root - INFO - [SPLIT] Train: (323480, 6), Test: (80871, 6)
[2025-12-13 21:37:20,928] 64 root - INFO - [SAVE CSV] Saving DataFrame to: artifacts/data_ingestion/train.csv
[2025-12-13 21:37:21,718] 69 root - INFO - [SAVE CSV] DataFrame successfully saved. Shape: (323480, 6)
[2025-12-13 21:37:21,718] 105 root - INFO - [SAVE] Train data saved to artifacts/data_ingestion/train.csv
[2025-12-13 21:37:21,718] 64 root - INFO - [SAVE CSV] Saving DataFrame to: artifacts/data_ingestion/test.csv
[2025-12-13 21:37:21,932] 69 root - INFO - [SAVE CSV] DataFrame successfully saved. Shape: (80871, 6)
[2025-12-13 21:37:21,932] 108 root - INFO - [SAVE] Test data saved to artifacts/data_ingestion/test.csv
[2025-12-13 21:37:21,932] 126 root - INFO - ==== DATA INGESTION COMPLETED SUCCESSFULLY ====
[2025-12-13 21:37:21,981] 98 root - INFO - [INIT] Data transformation artifacts directory ensured.
[2025-12-13 21:37:21,981] 222 root - INFO - [READ YAML] Reading YAML file: config/schema.yaml
[2025-12-13 21:37:21,982] 227 root - INFO - [READ YAML] YAML file read successfully.
[2025-12-13 21:37:21,982] 32 root - INFO - [READ CSV] Attempting to read CSV file at: artifacts/data_ingestion/train.csv
[2025-12-13 21:37:22,477] 39 root - INFO - [READ CSV] Successfully read CSV file. Shape: (323480, 6)
[2025-12-13 21:37:22,477] 32 root - INFO - [READ CSV] Attempting to read CSV file at: artifacts/data_ingestion/test.csv
[2025-12-13 21:37:22,583] 39 root - INFO - [READ CSV] Successfully read CSV file. Shape: (80871, 6)
[2025-12-13 21:37:22,653] 32 root - INFO - [PIPELINE] Starting CustomPreprocessor
[2025-12-13 21:38:17,145] 81 root - INFO - [PIPELINE] CustomPreprocessor completed successfully
[2025-12-13 21:38:17,155] 32 root - INFO - [PIPELINE] Starting CustomPreprocessor
[2025-12-13 21:38:30,191] 81 root - INFO - [PIPELINE] CustomPreprocessor completed successfully
[2025-12-13 21:38:30,245] 189 root - INFO - [SAVE OBJ] Saving object to: artifacts/data_transformation/custom_preprocessor.pkl
[2025-12-13 21:38:30,245] 195 root - INFO - [SAVE OBJ] Object successfully saved.
[2025-12-13 21:38:30,252] 31 root - INFO - ModelTrainer initialized
[2025-12-13 21:38:30,252] 35 root - INFO - Model training started
[2025-12-13 21:38:33,218] 2049 gensim.models.keyedvectors - INFO - loading projection weights from /home/aryan/gensim-data/glove-twitter-200/glove-twitter-200.gz
[2025-12-13 21:40:35,797] 447 gensim.utils - INFO - KeyedVectors lifecycle event {'msg': 'loaded (1193514, 200) matrix of type float32 from /home/aryan/gensim-data/glove-twitter-200/glove-twitter-200.gz', 'binary': False, 'encoding': 'utf8', 'datetime': '2025-12-13T21:40:35.797675', 'gensim': '4.4.0', 'python': '3.11.14 (main, Oct 21 2025, 18:31:21) [GCC 11.2.0]', 'platform': 'Linux-6.6.87.2-microsoft-standard-WSL2-x86_64-with-glibc2.39', 'event': 'load_word2vec_format'}
[2025-12-13 21:40:36,848] 47 root - INFO - None
[2025-12-13 21:49:04,028] 90 root - INFO - Test metrics: [0.443736732006073, 0.8775357604026794]
[2025-12-13 21:49:09,924] 94 root - INFO - Model saved at artifacts/model_trainer/siamese.keras
