[2025-12-09 19:43:08,045] 222 root - INFO - [READ YAML] Reading YAML file: config/database.yaml
[2025-12-09 19:43:08,046] 227 root - INFO - [READ YAML] YAML file read successfully.
[2025-12-09 19:43:08,046] 47 root - INFO - [INIT] Ensured data ingestion directory: artifacts/data_ingestion
[2025-12-09 19:43:08,046] 117 root - INFO - ==== DATA INGESTION STARTED ====
[2025-12-09 19:43:08,046] 68 root - INFO - [DB] Fetching data from table: questions
[2025-12-09 19:43:10,317] 75 root - INFO - [DB] Data fetched → rows: 404351, columns: 6
[2025-12-09 19:43:10,334] 64 root - INFO - [SAVE CSV] Saving DataFrame to: artifacts/data_ingestion/raw.csv
[2025-12-09 19:43:11,281] 69 root - INFO - [SAVE CSV] DataFrame successfully saved. Shape: (404351, 6)
[2025-12-09 19:43:11,281] 87 root - INFO - [SAVE] Raw data stored at artifacts/data_ingestion/raw.csv
[2025-12-09 19:43:11,281] 93 root - INFO - [SPLIT] Performing train-test split (80-20)...
[2025-12-09 19:43:11,325] 97 root - INFO - [SPLIT] Train: (323480, 6), Test: (80871, 6)
[2025-12-09 19:43:11,325] 64 root - INFO - [SAVE CSV] Saving DataFrame to: artifacts/data_ingestion/train.csv
[2025-12-09 19:43:12,193] 69 root - INFO - [SAVE CSV] DataFrame successfully saved. Shape: (323480, 6)
[2025-12-09 19:43:12,193] 105 root - INFO - [SAVE] Train data saved to artifacts/data_ingestion/train.csv
[2025-12-09 19:43:12,193] 64 root - INFO - [SAVE CSV] Saving DataFrame to: artifacts/data_ingestion/test.csv
[2025-12-09 19:43:12,397] 69 root - INFO - [SAVE CSV] DataFrame successfully saved. Shape: (80871, 6)
[2025-12-09 19:43:12,397] 108 root - INFO - [SAVE] Test data saved to artifacts/data_ingestion/test.csv
[2025-12-09 19:43:12,397] 126 root - INFO - ==== DATA INGESTION COMPLETED SUCCESSFULLY ====
[2025-12-09 19:43:12,441] 98 root - INFO - [INIT] Data transformation artifacts directory ensured.
[2025-12-09 19:43:12,441] 222 root - INFO - [READ YAML] Reading YAML file: config/schema.yaml
[2025-12-09 19:43:12,442] 227 root - INFO - [READ YAML] YAML file read successfully.
[2025-12-09 19:43:12,442] 32 root - INFO - [READ CSV] Attempting to read CSV file at: artifacts/data_ingestion/train.csv
[2025-12-09 19:43:12,961] 39 root - INFO - [READ CSV] Successfully read CSV file. Shape: (323480, 6)
[2025-12-09 19:43:12,961] 32 root - INFO - [READ CSV] Attempting to read CSV file at: artifacts/data_ingestion/test.csv
[2025-12-09 19:43:13,085] 39 root - INFO - [READ CSV] Successfully read CSV file. Shape: (80871, 6)
[2025-12-09 19:43:13,167] 32 root - INFO - [PIPELINE] Starting CustomPreprocessor
[2025-12-09 19:44:10,164] 81 root - INFO - [PIPELINE] CustomPreprocessor completed successfully
[2025-12-09 19:44:10,192] 32 root - INFO - [PIPELINE] Starting CustomPreprocessor
[2025-12-09 19:44:24,002] 81 root - INFO - [PIPELINE] CustomPreprocessor completed successfully
[2025-12-09 19:44:24,062] 189 root - INFO - [SAVE OBJ] Saving object to: artifacts/data_transformation/custom_preprocessor.pkl
[2025-12-09 19:44:24,063] 195 root - INFO - [SAVE OBJ] Object successfully saved.
