[2025-12-13 21:27:18,819] 222 root - INFO - [READ YAML] Reading YAML file: config/database.yaml
[2025-12-13 21:27:18,819] 227 root - INFO - [READ YAML] YAML file read successfully.
[2025-12-13 21:27:18,819] 47 root - INFO - [INIT] Ensured data ingestion directory: artifacts/data_ingestion
[2025-12-13 21:27:18,819] 117 root - INFO - ==== DATA INGESTION STARTED ====
[2025-12-13 21:27:18,819] 68 root - INFO - [DB] Fetching data from table: questions
[2025-12-13 21:27:21,092] 75 root - INFO - [DB] Data fetched → rows: 404351, columns: 6
[2025-12-13 21:27:21,107] 64 root - INFO - [SAVE CSV] Saving DataFrame to: artifacts/data_ingestion/raw.csv
[2025-12-13 21:27:21,994] 69 root - INFO - [SAVE CSV] DataFrame successfully saved. Shape: (404351, 6)
[2025-12-13 21:27:21,994] 87 root - INFO - [SAVE] Raw data stored at artifacts/data_ingestion/raw.csv
[2025-12-13 21:27:21,994] 93 root - INFO - [SPLIT] Performing train-test split (80-20)...
[2025-12-13 21:27:22,031] 97 root - INFO - [SPLIT] Train: (323480, 6), Test: (80871, 6)
[2025-12-13 21:27:22,031] 64 root - INFO - [SAVE CSV] Saving DataFrame to: artifacts/data_ingestion/train.csv
[2025-12-13 21:27:22,841] 69 root - INFO - [SAVE CSV] DataFrame successfully saved. Shape: (323480, 6)
[2025-12-13 21:27:22,841] 105 root - INFO - [SAVE] Train data saved to artifacts/data_ingestion/train.csv
[2025-12-13 21:27:22,841] 64 root - INFO - [SAVE CSV] Saving DataFrame to: artifacts/data_ingestion/test.csv
[2025-12-13 21:27:23,055] 69 root - INFO - [SAVE CSV] DataFrame successfully saved. Shape: (80871, 6)
[2025-12-13 21:27:23,055] 108 root - INFO - [SAVE] Test data saved to artifacts/data_ingestion/test.csv
[2025-12-13 21:27:23,055] 126 root - INFO - ==== DATA INGESTION COMPLETED SUCCESSFULLY ====
[2025-12-13 21:27:23,100] 98 root - INFO - [INIT] Data transformation artifacts directory ensured.
[2025-12-13 21:27:23,100] 222 root - INFO - [READ YAML] Reading YAML file: config/schema.yaml
[2025-12-13 21:27:23,101] 227 root - INFO - [READ YAML] YAML file read successfully.
[2025-12-13 21:27:23,101] 32 root - INFO - [READ CSV] Attempting to read CSV file at: artifacts/data_ingestion/train.csv
[2025-12-13 21:27:23,618] 39 root - INFO - [READ CSV] Successfully read CSV file. Shape: (323480, 6)
[2025-12-13 21:27:23,618] 32 root - INFO - [READ CSV] Attempting to read CSV file at: artifacts/data_ingestion/test.csv
[2025-12-13 21:27:23,728] 39 root - INFO - [READ CSV] Successfully read CSV file. Shape: (80871, 6)
[2025-12-13 21:27:23,794] 32 root - INFO - [PIPELINE] Starting CustomPreprocessor
[2025-12-13 21:28:26,644] 81 root - INFO - [PIPELINE] CustomPreprocessor completed successfully
[2025-12-13 21:28:26,655] 32 root - INFO - [PIPELINE] Starting CustomPreprocessor
[2025-12-13 21:28:41,906] 81 root - INFO - [PIPELINE] CustomPreprocessor completed successfully
[2025-12-13 21:28:41,978] 189 root - INFO - [SAVE OBJ] Saving object to: artifacts/data_transformation/custom_preprocessor.pkl
[2025-12-13 21:28:41,978] 195 root - INFO - [SAVE OBJ] Object successfully saved.
[2025-12-13 21:28:41,988] 32 root - INFO - ModelTrainer initialized
[2025-12-13 21:28:41,988] 36 root - INFO - Model training started
[2025-12-13 21:28:45,879] 2049 gensim.models.keyedvectors - INFO - loading projection weights from /home/aryan/gensim-data/glove-twitter-200/glove-twitter-200.gz
[2025-12-13 21:30:59,787] 447 gensim.utils - INFO - KeyedVectors lifecycle event {'msg': 'loaded (1193514, 200) matrix of type float32 from /home/aryan/gensim-data/glove-twitter-200/glove-twitter-200.gz', 'binary': False, 'encoding': 'utf8', 'datetime': '2025-12-13T21:30:59.787135', 'gensim': '4.4.0', 'python': '3.11.14 (main, Oct 21 2025, 18:31:21) [GCC 11.2.0]', 'platform': 'Linux-6.6.87.2-microsoft-standard-WSL2-x86_64-with-glibc2.39', 'event': 'load_word2vec_format'}
[2025-12-13 21:31:01,384] 48 root - INFO - None
[2025-12-13 21:31:04,239] 85 root - ERROR - Error during model training
